# JRE version: Java(TM) SE Runtime Environment (8.0_162-b12) (build 1.8.0_162-b12)
# Java VM: Java HotSpot(TM) 64-Bit Server VM (25.162-b12 mixed mode windows-amd64 compressed oops)
Heap:
 PSYoungGen      total 115712K, used 35234K [0x00000000eb400000, 0x00000000f3e00000, 0x0000000100000000)
  eden space 111104K, 31% used [0x00000000eb400000,0x00000000ed668920,0x00000000f2080000)
  from space 4608K, 0% used [0x00000000f3980000,0x00000000f3980000,0x00000000f3e00000)
  to   space 7168K, 0% used [0x00000000f3000000,0x00000000f3000000,0x00000000f3700000)
 ParOldGen       total 31232K, used 10232K [0x00000000c1c00000, 0x00000000c3a80000, 0x00000000eb400000)
  object space 31232K, 32% used [0x00000000c1c00000,0x00000000c25fe3d0,0x00000000c3a80000)
 Metaspace       used 26140K, capacity 26476K, committed 26624K, reserved 1075200K
  class space    used 3210K, capacity 3323K, committed 3328K, reserved 1048576K
GC Heap History (10 events):
Event: 3.330 GC heap before
{Heap before GC invocations=6 (full 0):
 PSYoungGen      total 35328K, used 35316K [0x00000000eb400000, 0x00000000f0200000, 0x0000000100000000)
  eden space 32768K, 100% used [0x00000000eb400000,0x00000000ed400000,0x00000000ed400000)
  from space 2560K, 99% used [0x00000000ed400000,0x00000000ed67d260,0x00000000ed680000)
  to   space 7168K, 0% used [0x00000000efb00000,0x00000000efb00000,0x00000000f0200000)
 ParOldGen       total 44032K, used 8047K [0x00000000c1c00000, 0x00000000c4700000, 0x00000000eb400000)
  object space 44032K, 18% used [0x00000000c1c00000,0x00000000c23dbd28,0x00000000c4700000)
 Metaspace       used 20266K, capacity 20478K, committed 20736K, reserved 1067008K
  class space    used 2454K, capacity 2488K, committed 2560K, reserved 1048576K
Event: 3.341 GC heap after
Heap after GC invocations=6 (full 0):
 PSYoungGen      total 71680K, used 7006K [0x00000000eb400000, 0x00000000f0400000, 0x0000000100000000)
  eden space 64512K, 0% used [0x00000000eb400000,0x00000000eb400000,0x00000000ef300000)
  from space 7168K, 97% used [0x00000000efb00000,0x00000000f01d7950,0x00000000f0200000)
  to   space 8192K, 0% used [0x00000000ef300000,0x00000000ef300000,0x00000000efb00000)
 ParOldGen       total 44032K, used 8119K [0x00000000c1c00000, 0x00000000c4700000, 0x00000000eb400000)
  object space 44032K, 18% used [0x00000000c1c00000,0x00000000c23edd38,0x00000000c4700000)
 Metaspace       used 20266K, capacity 20478K, committed 20736K, reserved 1067008K
  class space    used 2454K, capacity 2488K, committed 2560K, reserved 1048576K
}
Event: 3.408 GC heap before
{Heap before GC invocations=7 (full 0):
 PSYoungGen      total 71680K, used 15167K [0x00000000eb400000, 0x00000000f0400000, 0x0000000100000000)
  eden space 64512K, 12% used [0x00000000eb400000,0x00000000ebbf8510,0x00000000ef300000)
  from space 7168K, 97% used [0x00000000efb00000,0x00000000f01d7950,0x00000000f0200000)
  to   space 8192K, 0% used [0x00000000ef300000,0x00000000ef300000,0x00000000efb00000)
 ParOldGen       total 44032K, used 8119K [0x00000000c1c00000, 0x00000000c4700000, 0x00000000eb400000)
  object space 44032K, 18% used [0x00000000c1c00000,0x00000000c23edd38,0x00000000c4700000)
 Metaspace       used 20920K, capacity 21086K, committed 21296K, reserved 1069056K
  class space    used 2525K, capacity 2584K, committed 2688K, reserved 1048576K
Event: 3.417 GC heap after
Heap after GC invocations=7 (full 0):
 PSYoungGen      total 72704K, used 4347K [0x00000000eb400000, 0x00000000f4100000, 0x0000000100000000)
  eden space 64512K, 0% used [0x00000000eb400000,0x00000000eb400000,0x00000000ef300000)
  from space 8192K, 53% used [0x00000000ef300000,0x00000000ef73ed40,0x00000000efb00000)
  to   space 7680K, 0% used [0x00000000f3980000,0x00000000f3980000,0x00000000f4100000)
 ParOldGen       total 44032K, used 9167K [0x00000000c1c00000, 0x00000000c4700000, 0x00000000eb400000)
  object space 44032K, 20% used [0x00000000c1c00000,0x00000000c24f3dc8,0x00000000c4700000)
 Metaspace       used 20920K, capacity 21086K, committed 21296K, reserved 1069056K
  class space    used 2525K, capacity 2584K, committed 2688K, reserved 1048576K
}
Event: 3.417 GC heap before
{Heap before GC invocations=8 (full 1):
 PSYoungGen      total 72704K, used 4347K [0x00000000eb400000, 0x00000000f4100000, 0x0000000100000000)
  eden space 64512K, 0% used [0x00000000eb400000,0x00000000eb400000,0x00000000ef300000)
  from space 8192K, 53% used [0x00000000ef300000,0x00000000ef73ed40,0x00000000efb00000)
  to   space 7680K, 0% used [0x00000000f3980000,0x00000000f3980000,0x00000000f4100000)
 ParOldGen       total 44032K, used 9167K [0x00000000c1c00000, 0x00000000c4700000, 0x00000000eb400000)
  object space 44032K, 20% used [0x00000000c1c00000,0x00000000c24f3dc8,0x00000000c4700000)
 Metaspace       used 20920K, capacity 21086K, committed 21296K, reserved 1069056K
  class space    used 2525K, capacity 2584K, committed 2688K, reserved 1048576K
Event: 3.462 GC heap after
Heap after GC invocations=8 (full 1):
 PSYoungGen      total 72704K, used 0K [0x00000000eb400000, 0x00000000f4100000, 0x0000000100000000)
  eden space 64512K, 0% used [0x00000000eb400000,0x00000000eb400000,0x00000000ef300000)
  from space 8192K, 0% used [0x00000000ef300000,0x00000000ef300000,0x00000000efb00000)
  to   space 7680K, 0% used [0x00000000f3980000,0x00000000f3980000,0x00000000f4100000)
 ParOldGen       total 31232K, used 6803K [0x00000000c1c00000, 0x00000000c3a80000, 0x00000000eb400000)
  object space 31232K, 21% used [0x00000000c1c00000,0x00000000c22a4e60,0x00000000c3a80000)
 Metaspace       used 20920K, capacity 21086K, committed 21296K, reserved 1069056K
  class space    used 2525K, capacity 2584K, committed 2688K, reserved 1048576K
}
Event: 4.239 GC heap before
{Heap before GC invocations=9 (full 1):
 PSYoungGen      total 72704K, used 54034K [0x00000000eb400000, 0x00000000f4100000, 0x0000000100000000)
  eden space 64512K, 83% used [0x00000000eb400000,0x00000000ee8c4928,0x00000000ef300000)
  from space 8192K, 0% used [0x00000000ef300000,0x00000000ef300000,0x00000000efb00000)
  to   space 7680K, 0% used [0x00000000f3980000,0x00000000f3980000,0x00000000f4100000)
 ParOldGen       total 31232K, used 6803K [0x00000000c1c00000, 0x00000000c3a80000, 0x00000000eb400000)
  object space 31232K, 21% used [0x00000000c1c00000,0x00000000c22a4e60,0x00000000c3a80000)
 Metaspace       used 24213K, capacity 24480K, committed 24576K, reserved 1075200K
  class space    used 2963K, capacity 3065K, committed 3072K, reserved 1048576K
Event: 4.245 GC heap after
Heap after GC invocations=9 (full 1):
 PSYoungGen      total 115712K, used 4415K [0x00000000eb400000, 0x00000000f3e00000, 0x0000000100000000)
  eden space 111104K, 0% used [0x00000000eb400000,0x00000000eb400000,0x00000000f2080000)
  from space 4608K, 95% used [0x00000000f3980000,0x00000000f3dcfcf8,0x00000000f3e00000)
  to   space 7168K, 0% used [0x00000000f3000000,0x00000000f3000000,0x00000000f3700000)
 ParOldGen       total 31232K, used 6811K [0x00000000c1c00000, 0x00000000c3a80000, 0x00000000eb400000)
  object space 31232K, 21% used [0x00000000c1c00000,0x00000000c22a6e60,0x00000000c3a80000)
 Metaspace       used 24213K, capacity 24480K, committed 24576K, reserved 1075200K
  class space    used 2963K, capacity 3065K, committed 3072K, reserved 1048576K
}
Event: 4.245 GC heap before
{Heap before GC invocations=10 (full 2):
 PSYoungGen      total 115712K, used 4415K [0x00000000eb400000, 0x00000000f3e00000, 0x0000000100000000)
  eden space 111104K, 0% used [0x00000000eb400000,0x00000000eb400000,0x00000000f2080000)
  from space 4608K, 95% used [0x00000000f3980000,0x00000000f3dcfcf8,0x00000000f3e00000)
  to   space 7168K, 0% used [0x00000000f3000000,0x00000000f3000000,0x00000000f3700000)
 ParOldGen       total 31232K, used 6811K [0x00000000c1c00000, 0x00000000c3a80000, 0x00000000eb400000)
  object space 31232K, 21% used [0x00000000c1c00000,0x00000000c22a6e60,0x00000000c3a80000)
 Metaspace       used 24213K, capacity 24480K, committed 24576K, reserved 1075200K
  class space    used 2963K, capacity 3065K, committed 3072K, reserved 1048576K
Event: 4.296 GC heap after
Heap after GC invocations=10 (full 2):
 PSYoungGen      total 115712K, used 0K [0x00000000eb400000, 0x00000000f3e00000, 0x0000000100000000)
  eden space 111104K, 0% used [0x00000000eb400000,0x00000000eb400000,0x00000000f2080000)
  from space 4608K, 0% used [0x00000000f3980000,0x00000000f3980000,0x00000000f3e00000)
  to   space 7168K, 0% used [0x00000000f3000000,0x00000000f3000000,0x00000000f3700000)
 ParOldGen       total 31232K, used 10232K [0x00000000c1c00000, 0x00000000c3a80000, 0x00000000eb400000)
  object space 31232K, 32% used [0x00000000c1c00000,0x00000000c25fe3d0,0x00000000c3a80000)
 Metaspace       used 24213K, capacity 24480K, committed 24576K, reserved 1073152K
  class space    used 2963K, capacity 3065K, committed 3072K, reserved 1048576K
}

